<?xml version="1.0" encoding="UTF-8"?>
<!-- Generated by org.testng.reporters.JUnitReportReporter -->
<testsuite hostname="SweetHome" failures="0" tests="1" name="July4th" time="17.492" errors="0" timestamp="2024-07-04T09:48:38 EDT" skipped="0">
  <testcase classname="July4th" name="Tc" time="17.492"/>
  <system-out/>
</testsuite> <!-- July4th -->
