<?xml version="1.0" encoding="UTF-8"?>
<!-- Generated by org.testng.reporters.JUnitReportReporter -->
<testsuite hostname="SweetHome" failures="0" tests="1" name="tnglisternres.TestCase1" time="5.230" errors="0" timestamp="2024-07-01T09:49:35 EDT" skipped="0">
  <testcase classname="tnglisternres.TestCase1" name="Tc" time="5.230"/>
  <system-out>
    <![CDATA[searching is successfull
Tc passed sucessfully]]>
  </system-out>
</testsuite> <!-- tnglisternres.TestCase1 -->
