<?xml version="1.0" encoding="UTF-8"?>
<!-- Generated by org.testng.reporters.JUnitReportReporter -->
<testsuite hostname="SweetHome" failures="0" tests="2" name="amazonHirerchy.TestCase3" time="54.048" errors="0" timestamp="2024-06-24T23:23:32 EDT" skipped="0">
  <testcase classname="amazonHirerchy.TestCase3" name="Tc3" time="27.211"/>
  <system-out/>
  <testcase classname="amazonHirerchy.TestCase3" name="Tc3" time="26.837"/>
  <system-out/>
</testsuite> <!-- amazonHirerchy.TestCase3 -->
