<?xml version="1.0" encoding="UTF-8"?>
<!-- Generated by org.testng.reporters.JUnitReportReporter -->
<testsuite hostname="SweetHome" failures="0" tests="3" name="parallel.Testcase1" time="18.553" errors="0" timestamp="2024-06-26T16:40:21 EDT" skipped="0">
  <testcase classname="parallel.Testcase1" name="tc" time="5.364"/>
  <system-out/>
  <testcase classname="parallel.Testcase1" name="tc" time="4.634"/>
  <system-out/>
  <testcase classname="parallel.Testcase1" name="tc" time="8.555"/>
  <system-out/>
</testsuite> <!-- parallel.Testcase1 -->
