<?xml version="1.0" encoding="UTF-8"?>
<!-- Generated by org.testng.reporters.JUnitReportReporter -->
<testsuite hostname="SweetHome" failures="0" tests="2" name="amazonHirerchy.TestCase2" time="34.711" errors="0" timestamp="2024-06-24T23:23:32 EDT" skipped="0">
  <testcase classname="amazonHirerchy.TestCase2" name="Tc2" time="16.870"/>
  <system-out/>
  <testcase classname="amazonHirerchy.TestCase2" name="Tc2" time="17.841"/>
  <system-out/>
</testsuite> <!-- amazonHirerchy.TestCase2 -->
