<?xml version="1.0" encoding="UTF-8"?>
<!-- Generated by org.testng.reporters.JUnitReportReporter -->
<testsuite hostname="SweetHome" failures="0" tests="3" name="grouping.Dataprovider" time="0.006" errors="0" timestamp="2024-06-24T09:50:19 EDT" skipped="0">
  <testcase classname="grouping.Dataprovider" name="Tc" time="0.001"/>
  <system-out/>
  <testcase classname="grouping.Dataprovider" name="Tc" time="0.002"/>
  <system-out/>
  <testcase classname="grouping.Dataprovider" name="Tc" time="0.003"/>
  <system-out/>
</testsuite> <!-- grouping.Dataprovider -->
