<?xml version="1.0" encoding="UTF-8"?>
<!-- Generated by org.testng.reporters.JUnitReportReporter -->
<testsuite hostname="SweetHome" failures="0" tests="3" name="parallel.ParallelTesting" time="11.761" errors="0" timestamp="2024-06-23T12:44:11 EDT" skipped="0">
  <testcase classname="parallel.ParallelTesting" name="testcase1" time="3.015"/>
  <system-out/>
  <testcase classname="parallel.ParallelTesting" name="testcase1" time="4.078"/>
  <system-out/>
  <testcase classname="parallel.ParallelTesting" name="testcase1" time="4.668"/>
  <system-out/>
</testsuite> <!-- parallel.ParallelTesting -->
