<?xml version="1.0" encoding="UTF-8"?>
<!-- Generated by org.testng.reporters.JUnitReportReporter -->
<testsuite hostname="SweetHome" failures="0" tests="1" name="JavaScriptExecutorScrolldown" time="7.660" errors="0" timestamp="2024-07-06T20:43:11 EDT" skipped="0">
  <testcase classname="JavaScriptExecutorScrolldown" name="Tc" time="7.660"/>
  <system-out/>
</testsuite> <!-- JavaScriptExecutorScrolldown -->
