<?xml version="1.0" encoding="UTF-8"?>
<!-- Generated by org.testng.reporters.JUnitReportReporter -->
<testsuite hostname="SweetHome" failures="0" tests="1" name="JavaScriptExecutor" time="7.099" errors="0" timestamp="2024-07-06T20:22:58 EDT" skipped="0">
  <testcase classname="JavaScriptExecutor" name="Tc" time="7.099"/>
  <system-out/>
</testsuite> <!-- JavaScriptExecutor -->
