<?xml version="1.0" encoding="UTF-8"?>
<!-- Generated by org.testng.reporters.JUnitReportReporter -->
<testsuite hostname="SweetHome" failures="0" tests="2" name="amazonHirerchy.Testcase1" time="27.149" errors="0" timestamp="2024-06-24T23:23:32 EDT" skipped="0">
  <testcase classname="amazonHirerchy.Testcase1" name="Tc1" time="14.272"/>
  <system-out/>
  <testcase classname="amazonHirerchy.Testcase1" name="Tc1" time="12.877"/>
  <system-out/>
</testsuite> <!-- amazonHirerchy.Testcase1 -->
