<?xml version="1.0" encoding="UTF-8"?>
<!-- Generated by org.testng.reporters.JUnitReportReporter -->
<testsuite hostname="SweetHome" failures="0" tests="2" name="orderOfANNOTATIONExecution.OrderOfExcecution" time="0.008" errors="0" timestamp="2024-06-22T17:50:09 EDT" skipped="0">
  <testcase classname="orderOfANNOTATIONExecution.OrderOfExcecution" name="testcase1" time="0.004"/>
  <system-out/>
  <testcase classname="orderOfANNOTATIONExecution.OrderOfExcecution" name="testcase2" time="0.004"/>
  <system-out/>
</testsuite> <!-- orderOfANNOTATIONExecution.OrderOfExcecution -->
