<?xml version="1.0" encoding="UTF-8"?>
<!-- Generated by org.testng.reporters.JUnitReportReporter -->
<testsuite hostname="SweetHome" failures="0" tests="3" name="forpra_Ex.Grouping" time="0.013" errors="0" timestamp="2024-07-01T14:09:29 EDT" skipped="0">
  <testcase classname="forpra_Ex.Grouping" name="Tc" time="0.010"/>
  <system-out/>
  <testcase classname="forpra_Ex.Grouping" name="tc2" time="0.002"/>
  <system-out/>
  <testcase classname="forpra_Ex.Grouping" name="tc2" time="0.001"/>
  <system-out/>
</testsuite> <!-- forpra_Ex.Grouping -->
