<?xml version="1.0" encoding="UTF-8"?>
<!-- Generated by org.testng.reporters.JUnitReportReporter -->
<testsuite hostname="SweetHome" failures="0" tests="1" name="inherit.Search2" time="1.717" errors="0" timestamp="2024-06-23T11:31:00 EDT" skipped="0">
  <testcase classname="inherit.Search2" name="search" time="1.717"/>
  <system-out/>
</testsuite> <!-- inherit.Search2 -->
