<?xml version="1.0" encoding="UTF-8"?>
<!-- Generated by org.testng.reporters.JUnitReportReporter -->
<testsuite hostname="SweetHome" failures="0" tests="1" name="dataprovider.FaceBook_Registration" time="0.000" errors="0" timestamp="2024-06-24T11:22:07 EDT" skipped="1">
  <testcase classname="dataprovider.FaceBook_Registration" name="reg" time="0.000">
    <skipped/>
  </testcase> <!-- reg -->
  <system-out/>
</testsuite> <!-- dataprovider.FaceBook_Registration -->
