<?xml version="1.0" encoding="UTF-8"?>
<!-- Generated by org.testng.reporters.JUnitReportReporter -->
<testsuite hostname="SweetHome" failures="0" tests="1" name="testng.TestCase_AddToCart" time="0.001" errors="0" timestamp="2024-06-18T19:07:19 EDT" skipped="0">
  <testcase classname="testng.TestCase_AddToCart" name="AddtoCart" time="0.001"/>
  <system-out/>
</testsuite> <!-- testng.TestCase_AddToCart -->
