<?xml version="1.0" encoding="UTF-8"?>
<!-- Generated by org.testng.reporters.JUnitReportReporter -->
<testsuite hostname="SweetHome" failures="0" tests="3" name="grouping.Group_Class" time="0.006" errors="0" timestamp="2024-06-27T21:17:03 EDT" skipped="0">
  <testcase classname="grouping.Group_Class" name="Testcase2" time="0.000"/>
  <system-out/>
  <testcase classname="grouping.Group_Class" name="Testcase5" time="0.002"/>
  <system-out/>
  <testcase classname="grouping.Group_Class" name="Testcase1" time="0.004"/>
  <system-out/>
</testsuite> <!-- grouping.Group_Class -->
