<?xml version="1.0" encoding="UTF-8"?>
<!-- Generated by org.testng.reporters.JUnitReportReporter -->
<testsuite hostname="SweetHome" failures="0" tests="1" name="grouping.Facebook_dataprovider" time="0.000" errors="0" timestamp="2024-06-24T10:37:29 EDT" skipped="1">
  <testcase classname="grouping.Facebook_dataprovider" name="loagin" time="0.000">
    <skipped/>
  </testcase> <!-- loagin -->
  <system-out/>
</testsuite> <!-- grouping.Facebook_dataprovider -->
