<?xml version="1.0" encoding="UTF-8"?>
<!-- Generated by org.testng.reporters.JUnitReportReporter -->
<testsuite hostname="SweetHome" failures="0" tests="1" name="assertion.TestCase2" time="10.455" errors="0" timestamp="2024-06-26T09:22:08 EDT" skipped="0">
  <testcase classname="assertion.TestCase2" name="tc" time="10.455"/>
  <system-out/>
</testsuite> <!-- assertion.TestCase2 -->
