<?xml version="1.0" encoding="UTF-8"?>
<!-- Generated by org.testng.reporters.JUnitReportReporter -->
<testsuite hostname="SweetHome" failures="0" tests="1" name="assertion.Equals_Assert" time="3.557" errors="0" timestamp="2024-06-25T09:05:26 EDT" skipped="0">
  <testcase classname="assertion.Equals_Assert" name="Tc1" time="3.557"/>
  <system-out/>
</testsuite> <!-- assertion.Equals_Assert -->
