<?xml version="1.0" encoding="UTF-8"?>
<!-- Generated by org.testng.reporters.JUnitReportReporter -->
<testsuite hostname="SweetHome" failures="0" tests="1" name="testng.Testcase1" time="0.006" errors="0" timestamp="2024-06-18T19:07:19 EDT" skipped="0">
  <testcase classname="testng.Testcase1" name="login_to_amazon" time="0.006"/>
  <system-out/>
</testsuite> <!-- testng.Testcase1 -->
