<?xml version="1.0" encoding="UTF-8"?>
<!-- Generated by org.testng.reporters.JUnitReportReporter -->
<testsuite hostname="SweetHome" failures="0" tests="7" name="forpractise.Priority_enable_invocationcount" time="0.006" errors="0" timestamp="2024-07-01T21:38:15 EDT" skipped="0">
  <testcase classname="forpractise.Priority_enable_invocationcount" name="Tc3" time="0.000"/>
  <system-out/>
  <testcase classname="forpractise.Priority_enable_invocationcount" name="Tc3" time="0.000"/>
  <system-out/>
  <testcase classname="forpractise.Priority_enable_invocationcount" name="Tc3" time="0.000"/>
  <system-out/>
  <testcase classname="forpractise.Priority_enable_invocationcount" name="Tc3" time="0.000"/>
  <system-out/>
  <testcase classname="forpractise.Priority_enable_invocationcount" name="Tc3" time="0.002"/>
  <system-out/>
  <testcase classname="forpractise.Priority_enable_invocationcount" name="Tc2" time="0.004"/>
  <system-out/>
  <testcase classname="forpractise.Priority_enable_invocationcount" name="Tc1" time="0.000"/>
  <system-out/>
</testsuite> <!-- forpractise.Priority_enable_invocationcount -->
