<?xml version="1.0" encoding="UTF-8"?>
<!-- Generated by org.testng.reporters.JUnitReportReporter -->
<testsuite hostname="SweetHome" failures="0" tests="3" name="forpractise.Dataprovider" time="6.231" errors="0" timestamp="2024-06-30T15:48:33 EDT" skipped="0">
  <testcase classname="forpractise.Dataprovider" name="tc" time="1.932"/>
  <system-out/>
  <testcase classname="forpractise.Dataprovider" name="tc" time="2.503"/>
  <system-out/>
  <testcase classname="forpractise.Dataprovider" name="tc" time="1.796"/>
  <system-out/>
</testsuite> <!-- forpractise.Dataprovider -->
