<?xml version="1.0" encoding="UTF-8"?>
<!-- Generated by org.testng.reporters.JUnitReportReporter -->
<testsuite hostname="SweetHome" failures="0" tests="2" name="paralleltestingGoogle.TestCase1" time="24.398" errors="0" timestamp="2024-07-01T23:05:47 EDT" skipped="0">
  <testcase classname="paralleltestingGoogle.TestCase1" name="Tc1" time="11.943"/>
  <system-out/>
  <testcase classname="paralleltestingGoogle.TestCase1" name="Tc1" time="12.455"/>
  <system-out/>
</testsuite> <!-- paralleltestingGoogle.TestCase1 -->
