<?xml version="1.0" encoding="UTF-8"?>
<!-- Generated by org.testng.reporters.JUnitReportReporter -->
<testsuite hostname="SweetHome" failures="0" tests="2" name="paralleltestingGoogle.TestCase2" time="19.093" errors="0" timestamp="2024-07-01T23:05:47 EDT" skipped="0">
  <testcase classname="paralleltestingGoogle.TestCase2" name="Tc2" time="9.943"/>
  <system-out/>
  <testcase classname="paralleltestingGoogle.TestCase2" name="Tc2" time="9.150"/>
  <system-out/>
</testsuite> <!-- paralleltestingGoogle.TestCase2 -->
